android/app/build/intermediates/manifest_merge_blame_file/debug/manifest-merger-blame-debug-report.txt
1<?xml version="1.0" encoding="utf-8"?>
2<manifest xmlns:android="http://schemas.android.com/apk/res/android"
3    package="com.ufpb.teste"
4    android:versionCode="1"
5    android:versionName="1.0" >
6
7    <uses-sdk
8        android:minSdkVersion="16"
9        android:targetSdkVersion="28" />
10
11    <uses-permission android:name="android.permission.SYSTEM_ALERT_WINDOW" />
11-->src/main/AndroidManifest.xml:7:5-77
11-->src/main/AndroidManifest.xml:7:22-75
12    <uses-permission android:name="android.permission.INTERNET" />
12-->src/main/AndroidManifest.xml:6:5-67
12-->src/main/AndroidManifest.xml:6:22-64
13    <uses-permission android:name="android.permission.WAKE_LOCK" />
13-->[:react-native-firebase] AndroidManifest.xml:12:5-68
13-->[:react-native-firebase] AndroidManifest.xml:12:22-65
14    <uses-permission android:name="android.permission.ACCESS_NETWORK_STATE" /> <!-- Required by older versions of Google Play services to create IID tokens -->
14-->[:react-native-firebase] AndroidManifest.xml:13:5-79
14-->[:react-native-firebase] AndroidManifest.xml:13:22-76
15    <uses-permission android:name="com.google.android.c2dm.permission.RECEIVE" /> <!-- for android -->
15-->[com.google.firebase:firebase-iid:20.0.2] AndroidManifest.xml:26:5-82
15-->[com.google.firebase:firebase-iid:20.0.2] AndroidManifest.xml:26:22-79
16    <!-- <uses-permission android:name="com.android.launcher.permission.READ_SETTINGS"/> -->
17    <!-- <uses-permission android:name="com.android.launcher.permission.WRITE_SETTINGS"/> -->
18    <!-- <uses-permission android:name="com.android.launcher.permission.INSTALL_SHORTCUT" /> -->
19    <!-- <uses-permission android:name="com.android.launcher.permission.UNINSTALL_SHORTCUT" /> -->
20    <!-- for Samsung -->
21    <uses-permission android:name="com.sec.android.provider.badge.permission.READ" />
21-->[me.leolin:ShortcutBadger:1.1.22] AndroidManifest.xml:19:5-86
21-->[me.leolin:ShortcutBadger:1.1.22] AndroidManifest.xml:19:22-83
22    <uses-permission android:name="com.sec.android.provider.badge.permission.WRITE" /> <!-- for htc -->
22-->[me.leolin:ShortcutBadger:1.1.22] AndroidManifest.xml:20:5-87
22-->[me.leolin:ShortcutBadger:1.1.22] AndroidManifest.xml:20:22-84
23    <uses-permission android:name="com.htc.launcher.permission.READ_SETTINGS" />
23-->[me.leolin:ShortcutBadger:1.1.22] AndroidManifest.xml:23:5-81
23-->[me.leolin:ShortcutBadger:1.1.22] AndroidManifest.xml:23:22-78
24    <uses-permission android:name="com.htc.launcher.permission.UPDATE_SHORTCUT" /> <!-- for sony -->
24-->[me.leolin:ShortcutBadger:1.1.22] AndroidManifest.xml:24:5-83
24-->[me.leolin:ShortcutBadger:1.1.22] AndroidManifest.xml:24:22-80
25    <uses-permission android:name="com.sonyericsson.home.permission.BROADCAST_BADGE" />
25-->[me.leolin:ShortcutBadger:1.1.22] AndroidManifest.xml:27:5-88
25-->[me.leolin:ShortcutBadger:1.1.22] AndroidManifest.xml:27:22-85
26    <uses-permission android:name="com.sonymobile.home.permission.PROVIDER_INSERT_BADGE" /> <!-- for apex -->
26-->[me.leolin:ShortcutBadger:1.1.22] AndroidManifest.xml:28:5-92
26-->[me.leolin:ShortcutBadger:1.1.22] AndroidManifest.xml:28:22-89
27    <uses-permission android:name="com.anddoes.launcher.permission.UPDATE_COUNT" /> <!-- for solid -->
27-->[me.leolin:ShortcutBadger:1.1.22] AndroidManifest.xml:31:5-84
27-->[me.leolin:ShortcutBadger:1.1.22] AndroidManifest.xml:31:22-81
28    <uses-permission android:name="com.majeur.launcher.permission.UPDATE_BADGE" /> <!-- for huawei -->
28-->[me.leolin:ShortcutBadger:1.1.22] AndroidManifest.xml:34:5-83
28-->[me.leolin:ShortcutBadger:1.1.22] AndroidManifest.xml:34:22-80
29    <uses-permission android:name="com.huawei.android.launcher.permission.CHANGE_BADGE" />
29-->[me.leolin:ShortcutBadger:1.1.22] AndroidManifest.xml:37:5-91
29-->[me.leolin:ShortcutBadger:1.1.22] AndroidManifest.xml:37:22-88
30    <uses-permission android:name="com.huawei.android.launcher.permission.READ_SETTINGS" />
30-->[me.leolin:ShortcutBadger:1.1.22] AndroidManifest.xml:38:5-92
30-->[me.leolin:ShortcutBadger:1.1.22] AndroidManifest.xml:38:22-89
31    <uses-permission android:name="com.huawei.android.launcher.permission.WRITE_SETTINGS" /> <!-- for ZUK -->
31-->[me.leolin:ShortcutBadger:1.1.22] AndroidManifest.xml:39:5-93
31-->[me.leolin:ShortcutBadger:1.1.22] AndroidManifest.xml:39:22-90
32    <uses-permission android:name="android.permission.READ_APP_BADGE" /> <!-- for OPPO -->
32-->[me.leolin:ShortcutBadger:1.1.22] AndroidManifest.xml:42:5-73
32-->[me.leolin:ShortcutBadger:1.1.22] AndroidManifest.xml:42:22-70
33    <uses-permission android:name="com.oppo.launcher.permission.READ_SETTINGS" />
33-->[me.leolin:ShortcutBadger:1.1.22] AndroidManifest.xml:45:5-82
33-->[me.leolin:ShortcutBadger:1.1.22] AndroidManifest.xml:45:22-79
34    <uses-permission android:name="com.oppo.launcher.permission.WRITE_SETTINGS" /> <!-- for EvMe -->
34-->[me.leolin:ShortcutBadger:1.1.22] AndroidManifest.xml:46:5-83
34-->[me.leolin:ShortcutBadger:1.1.22] AndroidManifest.xml:46:22-80
35    <uses-permission android:name="me.everything.badger.permission.BADGE_COUNT_READ" />
35-->[me.leolin:ShortcutBadger:1.1.22] AndroidManifest.xml:49:5-88
35-->[me.leolin:ShortcutBadger:1.1.22] AndroidManifest.xml:49:22-85
36    <uses-permission android:name="me.everything.badger.permission.BADGE_COUNT_WRITE" />
36-->[me.leolin:ShortcutBadger:1.1.22] AndroidManifest.xml:50:5-89
36-->[me.leolin:ShortcutBadger:1.1.22] AndroidManifest.xml:50:22-86
37    <uses-permission android:name="com.google.android.finsky.permission.BIND_GET_INSTALL_REFERRER_SERVICE" />
37-->[com.google.android.gms:play-services-measurement:17.2.1] AndroidManifest.xml:26:5-110
37-->[com.google.android.gms:play-services-measurement:17.2.1] AndroidManifest.xml:26:22-107
38
39    <application
39-->src/main/AndroidManifest.xml:9:5-40:19
40        android:name="com.ufpb.teste.MainApplication"
40-->src/main/AndroidManifest.xml:10:7-38
41        android:allowBackup="true"
41-->src/main/AndroidManifest.xml:11:7-33
42        android:appComponentFactory="androidx.core.app.CoreComponentFactory"
42-->[androidx.core:core:1.0.1] AndroidManifest.xml:22:18-86
43        android:debuggable="true"
44        android:icon="@mipmap/ic_launcher"
44-->src/main/AndroidManifest.xml:13:7-41
45        android:label="@string/app_name"
45-->src/main/AndroidManifest.xml:12:7-39
46        android:roundIcon="@mipmap/ic_launcher_round"
46-->src/main/AndroidManifest.xml:14:7-52
47        android:theme="@style/AppTheme"
47-->src/main/AndroidManifest.xml:15:7-38
48        android:usesCleartextTraffic="true" >
48-->src/debug/AndroidManifest.xml:7:18-53
49        <meta-data
49-->src/main/AndroidManifest.xml:16:7-18:69
50            android:name="com.google.android.gms.ads.APPLICATION_ID"
50-->src/main/AndroidManifest.xml:17:13-69
51            android:value="ca-app-pub-3940256099942544~3347511713" />
51-->src/main/AndroidManifest.xml:18:13-67
52
53        <activity
53-->src/main/AndroidManifest.xml:19:7-28:18
54            android:name="com.ufpb.teste.MainActivity"
54-->src/main/AndroidManifest.xml:20:9-37
55            android:configChanges="keyboard|keyboardHidden|orientation|screenSize"
55-->src/main/AndroidManifest.xml:22:9-79
56            android:label="@string/app_name"
56-->src/main/AndroidManifest.xml:21:9-41
57            android:windowSoftInputMode="adjustResize" >
57-->src/main/AndroidManifest.xml:23:9-51
58            <intent-filter>
58-->src/main/AndroidManifest.xml:24:9-27:25
59                <action android:name="android.intent.action.MAIN" />
59-->src/main/AndroidManifest.xml:25:13-65
59-->src/main/AndroidManifest.xml:25:21-62
60
61                <category android:name="android.intent.category.LAUNCHER" />
61-->src/main/AndroidManifest.xml:26:13-73
61-->src/main/AndroidManifest.xml:26:23-70
62            </intent-filter>
63        </activity>
64        <activity android:name="com.facebook.react.devsupport.DevSettingsActivity" />
64-->src/main/AndroidManifest.xml:29:7-84
64-->src/main/AndroidManifest.xml:29:17-81
65
66        <service android:name="io.invertase.firebase.messaging.RNFirebaseMessagingService" >
66-->src/main/AndroidManifest.xml:30:7-34:17
66-->src/main/AndroidManifest.xml:30:16-89
67            <intent-filter>
67-->src/main/AndroidManifest.xml:31:9-33:25
68                <action android:name="com.google.firebase.MESSAGING_EVENT" />
68-->src/main/AndroidManifest.xml:32:11-72
68-->src/main/AndroidManifest.xml:32:19-69
69            </intent-filter>
70        </service>
71        <service android:name="io.invertase.firebase.messaging.RNFirebaseInstanceIdService" >
71-->src/main/AndroidManifest.xml:35:7-39:17
71-->src/main/AndroidManifest.xml:35:16-90
72            <intent-filter>
72-->src/main/AndroidManifest.xml:36:9-38:25
73                <action android:name="com.google.firebase.INSTANCE_ID_EVENT" />
73-->src/main/AndroidManifest.xml:37:11-74
73-->src/main/AndroidManifest.xml:37:19-71
74            </intent-filter>
75        </service>
76        <service
76-->[:react-native-firebase] AndroidManifest.xml:16:9-20:19
77            android:name="com.google.firebase.components.ComponentDiscoveryService"
77-->[:react-native-firebase] AndroidManifest.xml:16:18-89
78            android:directBootAware="true"
78-->[com.google.firebase:firebase-common:19.3.0] AndroidManifest.xml:34:13-43
79            android:exported="false" >
79-->[com.google.firebase:firebase-auth:19.2.0] AndroidManifest.xml:35:13-37
80            <meta-data
80-->[:react-native-firebase] AndroidManifest.xml:17:13-19:85
81                android:name="com.google.firebase.components:io.invertase.firebase.ReactNativeFirebaseAppRegistrar"
81-->[:react-native-firebase] AndroidManifest.xml:18:17-116
82                android:value="com.google.firebase.components.ComponentRegistrar" />
82-->[:react-native-firebase] AndroidManifest.xml:19:17-82
83            <meta-data
83-->[com.google.firebase:firebase-auth:19.2.0] AndroidManifest.xml:36:13-38:85
84                android:name="com.google.firebase.components:com.google.firebase.auth.FirebaseAuthRegistrar"
84-->[com.google.firebase:firebase-auth:19.2.0] AndroidManifest.xml:37:17-109
85                android:value="com.google.firebase.components.ComponentRegistrar" />
85-->[com.google.firebase:firebase-auth:19.2.0] AndroidManifest.xml:38:17-82
86            <meta-data
86-->[com.google.firebase:firebase-storage:19.1.0] AndroidManifest.xml:33:13-35:85
87                android:name="com.google.firebase.components:com.google.firebase.storage.StorageRegistrar"
87-->[com.google.firebase:firebase-storage:19.1.0] AndroidManifest.xml:34:17-107
88                android:value="com.google.firebase.components.ComponentRegistrar" />
88-->[com.google.firebase:firebase-storage:19.1.0] AndroidManifest.xml:35:17-82
89            <meta-data
89-->[com.google.firebase:firebase-perf:19.0.3] AndroidManifest.xml:34:13-36:85
90                android:name="com.google.firebase.components:com.google.firebase.perf.FirebasePerfRegistrar"
90-->[com.google.firebase:firebase-perf:19.0.3] AndroidManifest.xml:35:17-109
91                android:value="com.google.firebase.components.ComponentRegistrar" />
91-->[com.google.firebase:firebase-perf:19.0.3] AndroidManifest.xml:36:17-82
92            <meta-data
92-->[com.google.firebase:firebase-firestore:21.3.1] AndroidManifest.xml:20:13-22:85
93                android:name="com.google.firebase.components:com.google.firebase.firestore.FirestoreRegistrar"
93-->[com.google.firebase:firebase-firestore:21.3.1] AndroidManifest.xml:21:17-111
94                android:value="com.google.firebase.components.ComponentRegistrar" />
94-->[com.google.firebase:firebase-firestore:21.3.1] AndroidManifest.xml:22:17-82
95            <meta-data
95-->[com.google.firebase:firebase-functions:19.0.1] AndroidManifest.xml:18:13-20:85
96                android:name="com.google.firebase.components:com.google.firebase.functions.FunctionsRegistrar"
96-->[com.google.firebase:firebase-functions:19.0.1] AndroidManifest.xml:19:17-111
97                android:value="com.google.firebase.components.ComponentRegistrar" />
97-->[com.google.firebase:firebase-functions:19.0.1] AndroidManifest.xml:20:17-82
98            <meta-data
98-->[com.google.firebase:firebase-dynamic-links:19.0.0] AndroidManifest.xml:9:13-11:85
99                android:name="com.google.firebase.components:com.google.firebase.dynamiclinks.internal.FirebaseDynamicLinkRegistrar"
99-->[com.google.firebase:firebase-dynamic-links:19.0.0] AndroidManifest.xml:10:17-133
100                android:value="com.google.firebase.components.ComponentRegistrar" />
100-->[com.google.firebase:firebase-dynamic-links:19.0.0] AndroidManifest.xml:11:17-82
101            <meta-data
101-->[com.google.firebase:firebase-database:19.2.0] AndroidManifest.xml:32:13-34:85
102                android:name="com.google.firebase.components:com.google.firebase.database.DatabaseRegistrar"
102-->[com.google.firebase:firebase-database:19.2.0] AndroidManifest.xml:33:17-109
103                android:value="com.google.firebase.components.ComponentRegistrar" />
103-->[com.google.firebase:firebase-database:19.2.0] AndroidManifest.xml:34:17-82
104            <meta-data
104-->[com.google.firebase:firebase-config:19.0.4] AndroidManifest.xml:32:13-34:85
105                android:name="com.google.firebase.components:com.google.firebase.remoteconfig.RemoteConfigRegistrar"
105-->[com.google.firebase:firebase-config:19.0.4] AndroidManifest.xml:33:17-117
106                android:value="com.google.firebase.components.ComponentRegistrar" />
106-->[com.google.firebase:firebase-config:19.0.4] AndroidManifest.xml:34:17-82
107            <meta-data
107-->[com.google.firebase:firebase-messaging:20.1.0] AndroidManifest.xml:38:13-40:85
108                android:name="com.google.firebase.components:com.google.firebase.messaging.FirebaseMessagingRegistrar"
108-->[com.google.firebase:firebase-messaging:20.1.0] AndroidManifest.xml:39:17-119
109                android:value="com.google.firebase.components.ComponentRegistrar" />
109-->[com.google.firebase:firebase-messaging:20.1.0] AndroidManifest.xml:40:17-82
110            <meta-data
110-->[com.google.android.gms:play-services-measurement-api:17.2.1] AndroidManifest.xml:30:13-32:85
111                android:name="com.google.firebase.components:com.google.firebase.analytics.connector.internal.AnalyticsConnectorRegistrar"
111-->[com.google.android.gms:play-services-measurement-api:17.2.1] AndroidManifest.xml:31:17-139
112                android:value="com.google.firebase.components.ComponentRegistrar" />
112-->[com.google.android.gms:play-services-measurement-api:17.2.1] AndroidManifest.xml:32:17-82
113            <meta-data
113-->[com.google.firebase:firebase-iid:20.0.2] AndroidManifest.xml:32:13-34:85
114                android:name="com.google.firebase.components:com.google.firebase.iid.Registrar"
114-->[com.google.firebase:firebase-iid:20.0.2] AndroidManifest.xml:33:17-96
115                android:value="com.google.firebase.components.ComponentRegistrar" />
115-->[com.google.firebase:firebase-iid:20.0.2] AndroidManifest.xml:34:17-82
116            <meta-data
116-->[com.google.firebase:firebase-datatransport:17.0.3] AndroidManifest.xml:28:13-30:85
117                android:name="com.google.firebase.components:com.google.firebase.datatransport.TransportRegistrar"
117-->[com.google.firebase:firebase-datatransport:17.0.3] AndroidManifest.xml:29:17-115
118                android:value="com.google.firebase.components.ComponentRegistrar" />
118-->[com.google.firebase:firebase-datatransport:17.0.3] AndroidManifest.xml:30:17-82
119            <meta-data
119-->[com.google.firebase:firebase-abt:19.0.0] AndroidManifest.xml:13:13-15:85
120                android:name="com.google.firebase.components:com.google.firebase.abt.component.AbtRegistrar"
120-->[com.google.firebase:firebase-abt:19.0.0] AndroidManifest.xml:14:17-109
121                android:value="com.google.firebase.components.ComponentRegistrar" />
121-->[com.google.firebase:firebase-abt:19.0.0] AndroidManifest.xml:15:17-82
122        </service>
123
124        <activity
124-->[com.google.firebase:firebase-auth:19.2.0] AndroidManifest.xml:24:9-31:50
125            android:name="com.google.firebase.auth.internal.FederatedSignInActivity"
125-->[com.google.firebase:firebase-auth:19.2.0] AndroidManifest.xml:25:13-85
126            android:excludeFromRecents="true"
126-->[com.google.firebase:firebase-auth:19.2.0] AndroidManifest.xml:26:13-46
127            android:exported="true"
127-->[com.google.firebase:firebase-auth:19.2.0] AndroidManifest.xml:27:13-36
128            android:launchMode="singleTask"
128-->[com.google.firebase:firebase-auth:19.2.0] AndroidManifest.xml:28:13-44
129            android:permission="com.google.firebase.auth.api.gms.permission.LAUNCH_FEDERATED_SIGN_IN"
129-->[com.google.firebase:firebase-auth:19.2.0] AndroidManifest.xml:29:13-102
130            android:theme="@android:style/Theme.Translucent.NoTitleBar" />
130-->[com.google.firebase:firebase-auth:19.2.0] AndroidManifest.xml:30:13-72
131
132        <provider
132-->[com.google.firebase:firebase-perf:19.0.3] AndroidManifest.xml:25:9-29:39
133            android:name="com.google.firebase.perf.provider.FirebasePerfProvider"
133-->[com.google.firebase:firebase-perf:19.0.3] AndroidManifest.xml:26:13-82
134            android:authorities="com.ufpb.teste.firebaseperfprovider"
134-->[com.google.firebase:firebase-perf:19.0.3] AndroidManifest.xml:27:13-72
135            android:exported="false"
135-->[com.google.firebase:firebase-perf:19.0.3] AndroidManifest.xml:28:13-37
136            android:initOrder="101" />
136-->[com.google.firebase:firebase-perf:19.0.3] AndroidManifest.xml:29:13-36
137        <!--
138             FirebaseMessagingService performs security checks at runtime,
139             but set to not exported to explicitly avoid allowing another app to call it.
140        -->
141        <service
141-->[com.google.firebase:firebase-messaging:20.1.0] AndroidManifest.xml:28:9-34:19
142            android:name="com.google.firebase.messaging.FirebaseMessagingService"
142-->[com.google.firebase:firebase-messaging:20.1.0] AndroidManifest.xml:29:13-82
143            android:exported="false" >
143-->[com.google.firebase:firebase-messaging:20.1.0] AndroidManifest.xml:30:13-37
144            <intent-filter android:priority="-500" >
144-->src/main/AndroidManifest.xml:31:9-33:25
145                <action android:name="com.google.firebase.MESSAGING_EVENT" />
145-->src/main/AndroidManifest.xml:32:11-72
145-->src/main/AndroidManifest.xml:32:19-69
146            </intent-filter>
147        </service>
148
149        <receiver
149-->[com.google.firebase:firebase-iid:20.0.2] AndroidManifest.xml:37:9-44:20
150            android:name="com.google.firebase.iid.FirebaseInstanceIdReceiver"
150-->[com.google.firebase:firebase-iid:20.0.2] AndroidManifest.xml:38:13-78
151            android:exported="true"
151-->[com.google.firebase:firebase-iid:20.0.2] AndroidManifest.xml:39:13-36
152            android:permission="com.google.android.c2dm.permission.SEND" >
152-->[com.google.firebase:firebase-iid:20.0.2] AndroidManifest.xml:40:13-73
153            <intent-filter>
153-->[com.google.firebase:firebase-iid:20.0.2] AndroidManifest.xml:41:13-43:29
154                <action android:name="com.google.android.c2dm.intent.RECEIVE" />
154-->[com.google.firebase:firebase-iid:20.0.2] AndroidManifest.xml:42:17-81
154-->[com.google.firebase:firebase-iid:20.0.2] AndroidManifest.xml:42:25-78
155            </intent-filter>
156        </receiver>
157
158        <activity
158-->[com.google.android.gms:play-services-base:17.1.0] AndroidManifest.xml:23:9-26:75
159            android:name="com.google.android.gms.common.api.GoogleApiActivity"
159-->[com.google.android.gms:play-services-base:17.1.0] AndroidManifest.xml:24:13-79
160            android:exported="false"
160-->[com.google.android.gms:play-services-base:17.1.0] AndroidManifest.xml:25:13-37
161            android:theme="@android:style/Theme.Translucent.NoTitleBar" />
161-->[com.google.android.gms:play-services-base:17.1.0] AndroidManifest.xml:26:13-72
162
163        <provider
163-->[com.crashlytics.sdk.android:crashlytics:2.10.1] AndroidManifest.xml:19:9-23:38
164            android:name="com.crashlytics.android.CrashlyticsInitProvider"
164-->[com.crashlytics.sdk.android:crashlytics:2.10.1] AndroidManifest.xml:20:13-75
165            android:authorities="com.ufpb.teste.crashlyticsinitprovider"
165-->[com.crashlytics.sdk.android:crashlytics:2.10.1] AndroidManifest.xml:21:13-75
166            android:exported="false"
166-->[com.crashlytics.sdk.android:crashlytics:2.10.1] AndroidManifest.xml:22:13-37
167            android:initOrder="90" />
167-->[com.crashlytics.sdk.android:crashlytics:2.10.1] AndroidManifest.xml:23:13-35
168
169        <service
169-->[com.google.android.datatransport:transport-backend-cct:2.2.0] AndroidManifest.xml:29:9-35:19
170            android:name="com.google.android.datatransport.runtime.backends.TransportBackendDiscovery"
170-->[com.google.android.datatransport:transport-backend-cct:2.2.0] AndroidManifest.xml:30:13-103
171            android:exported="false" >
171-->[com.google.android.datatransport:transport-backend-cct:2.2.0] AndroidManifest.xml:31:13-37
172            <meta-data
172-->[com.google.android.datatransport:transport-backend-cct:2.2.0] AndroidManifest.xml:32:13-34:39
173                android:name="backend:com.google.android.datatransport.cct.CctBackendFactory"
173-->[com.google.android.datatransport:transport-backend-cct:2.2.0] AndroidManifest.xml:33:17-94
174                android:value="cct" />
174-->[com.google.android.datatransport:transport-backend-cct:2.2.0] AndroidManifest.xml:34:17-36
175        </service>
176        <service
176-->[com.google.android.datatransport:transport-runtime:2.2.0] AndroidManifest.xml:26:9-30:19
177            android:name="com.google.android.datatransport.runtime.scheduling.jobscheduling.JobInfoSchedulerService"
177-->[com.google.android.datatransport:transport-runtime:2.2.0] AndroidManifest.xml:27:13-117
178            android:exported="false"
178-->[com.google.android.datatransport:transport-runtime:2.2.0] AndroidManifest.xml:28:13-37
179            android:permission="android.permission.BIND_JOB_SERVICE" >
179-->[com.google.android.datatransport:transport-runtime:2.2.0] AndroidManifest.xml:29:13-69
180        </service>
181
182        <receiver
182-->[com.google.android.datatransport:transport-runtime:2.2.0] AndroidManifest.xml:32:9-34:40
183            android:name="com.google.android.datatransport.runtime.scheduling.jobscheduling.AlarmManagerSchedulerBroadcastReceiver"
183-->[com.google.android.datatransport:transport-runtime:2.2.0] AndroidManifest.xml:33:13-132
184            android:exported="false" />
184-->[com.google.android.datatransport:transport-runtime:2.2.0] AndroidManifest.xml:34:13-37
185        <receiver
185-->[com.google.android.gms:play-services-measurement:17.2.1] AndroidManifest.xml:29:9-33:20
186            android:name="com.google.android.gms.measurement.AppMeasurementReceiver"
186-->[com.google.android.gms:play-services-measurement:17.2.1] AndroidManifest.xml:30:13-85
187            android:enabled="true"
187-->[com.google.android.gms:play-services-measurement:17.2.1] AndroidManifest.xml:31:13-35
188            android:exported="false" >
188-->[com.google.android.gms:play-services-measurement:17.2.1] AndroidManifest.xml:32:13-37
189        </receiver>
190        <receiver
190-->[com.google.android.gms:play-services-measurement:17.2.1] AndroidManifest.xml:34:9-42:20
191            android:name="com.google.android.gms.measurement.AppMeasurementInstallReferrerReceiver"
191-->[com.google.android.gms:play-services-measurement:17.2.1] AndroidManifest.xml:35:13-100
192            android:enabled="true"
192-->[com.google.android.gms:play-services-measurement:17.2.1] AndroidManifest.xml:36:13-35
193            android:exported="true"
193-->[com.google.android.gms:play-services-measurement:17.2.1] AndroidManifest.xml:37:13-36
194            android:permission="android.permission.INSTALL_PACKAGES" >
194-->[com.google.android.gms:play-services-measurement:17.2.1] AndroidManifest.xml:38:13-69
195            <intent-filter>
195-->[com.google.android.gms:play-services-measurement:17.2.1] AndroidManifest.xml:39:13-41:29
196                <action android:name="com.android.vending.INSTALL_REFERRER" />
196-->[com.google.android.gms:play-services-measurement:17.2.1] AndroidManifest.xml:40:17-79
196-->[com.google.android.gms:play-services-measurement:17.2.1] AndroidManifest.xml:40:25-76
197            </intent-filter>
198        </receiver>
199
200        <service
200-->[com.google.android.gms:play-services-measurement:17.2.1] AndroidManifest.xml:44:9-47:40
201            android:name="com.google.android.gms.measurement.AppMeasurementService"
201-->[com.google.android.gms:play-services-measurement:17.2.1] AndroidManifest.xml:45:13-84
202            android:enabled="true"
202-->[com.google.android.gms:play-services-measurement:17.2.1] AndroidManifest.xml:46:13-35
203            android:exported="false" />
203-->[com.google.android.gms:play-services-measurement:17.2.1] AndroidManifest.xml:47:13-37
204        <service
204-->[com.google.android.gms:play-services-measurement:17.2.1] AndroidManifest.xml:48:9-52:72
205            android:name="com.google.android.gms.measurement.AppMeasurementJobService"
205-->[com.google.android.gms:play-services-measurement:17.2.1] AndroidManifest.xml:49:13-87
206            android:enabled="true"
206-->[com.google.android.gms:play-services-measurement:17.2.1] AndroidManifest.xml:50:13-35
207            android:exported="false"
207-->[com.google.android.gms:play-services-measurement:17.2.1] AndroidManifest.xml:51:13-37
208            android:permission="android.permission.BIND_JOB_SERVICE" />
208-->[com.google.android.gms:play-services-measurement:17.2.1] AndroidManifest.xml:52:13-69
209
210        <provider
210-->[com.google.firebase:firebase-common:19.3.0] AndroidManifest.xml:26:9-30:39
211            android:name="com.google.firebase.provider.FirebaseInitProvider"
211-->[com.google.firebase:firebase-common:19.3.0] AndroidManifest.xml:27:13-77
212            android:authorities="com.ufpb.teste.firebaseinitprovider"
212-->[com.google.firebase:firebase-common:19.3.0] AndroidManifest.xml:28:13-72
213            android:exported="false"
213-->[com.google.firebase:firebase-common:19.3.0] AndroidManifest.xml:29:13-37
214            android:initOrder="100" /> <!-- Include the AdActivity and InAppPurchaseActivity configChanges and themes. -->
214-->[com.google.firebase:firebase-common:19.3.0] AndroidManifest.xml:30:13-36
215        <activity
215-->[com.google.android.gms:play-services-ads-lite:18.3.0] AndroidManifest.xml:29:9-33:64
216            android:name="com.google.android.gms.ads.AdActivity"
216-->[com.google.android.gms:play-services-ads-lite:18.3.0] AndroidManifest.xml:30:13-65
217            android:configChanges="keyboard|keyboardHidden|orientation|screenLayout|uiMode|screenSize|smallestScreenSize"
217-->[com.google.android.gms:play-services-ads-lite:18.3.0] AndroidManifest.xml:31:13-122
218            android:exported="false"
218-->[com.google.android.gms:play-services-ads-lite:18.3.0] AndroidManifest.xml:32:13-37
219            android:theme="@android:style/Theme.Translucent" />
219-->[com.google.android.gms:play-services-ads-lite:18.3.0] AndroidManifest.xml:33:13-61
220
221        <provider
221-->[com.google.android.gms:play-services-ads-lite:18.3.0] AndroidManifest.xml:35:9-39:39
222            android:name="com.google.android.gms.ads.MobileAdsInitProvider"
222-->[com.google.android.gms:play-services-ads-lite:18.3.0] AndroidManifest.xml:36:13-76
223            android:authorities="com.ufpb.teste.mobileadsinitprovider"
223-->[com.google.android.gms:play-services-ads-lite:18.3.0] AndroidManifest.xml:37:13-73
224            android:exported="false"
224-->[com.google.android.gms:play-services-ads-lite:18.3.0] AndroidManifest.xml:38:13-37
225            android:initOrder="100" />
225-->[com.google.android.gms:play-services-ads-lite:18.3.0] AndroidManifest.xml:39:13-36
226
227        <meta-data
227-->[com.google.android.gms:play-services-basement:17.0.0] AndroidManifest.xml:23:9-25:69
228            android:name="com.google.android.gms.version"
228-->[com.google.android.gms:play-services-basement:17.0.0] AndroidManifest.xml:24:13-58
229            android:value="@integer/google_play_services_version" />
229-->[com.google.android.gms:play-services-basement:17.0.0] AndroidManifest.xml:25:13-66
230    </application>
231
232</manifest>